Using pre-set license
Built from '2021.3/staging' branch; Version is '2021.3.34f1 (25266724e7bd) revision 2434663'; Using compiler version '192829333'; Build Type 'Release'
OS: 'Windows 11  (10.0.22631) 64bit Core' Language: 'ko' Physical Memory: 32578 MB
BatchMode: 1, IsHumanControllingUs: 0, StartBugReporterOnCrash: 0, Is64bit: 1, IsPro: 1

COMMAND LINE ARGUMENTS:
C:\Program Files\Unity\Hub\Editor\2021.3.34f1\Editor\Unity.exe
-adb2
-batchMode
-noUpm
-name
AssetImportWorker0
-projectPath
C:/Users/mj/My project (18)
-logFile
Logs/AssetImportWorker0.log
-srvPort
52331
Successfully changed project path to: C:/Users/mj/My project (18)
C:/Users/mj/My project (18)
[UnityMemory] Configuration Parameters - Can be set up in boot.config
    "memorysetup-bucket-allocator-granularity=16"
    "memorysetup-bucket-allocator-bucket-count=8"
    "memorysetup-bucket-allocator-block-size=33554432"
    "memorysetup-bucket-allocator-block-count=8"
    "memorysetup-main-allocator-block-size=16777216"
    "memorysetup-thread-allocator-block-size=16777216"
    "memorysetup-gfx-main-allocator-block-size=16777216"
    "memorysetup-gfx-thread-allocator-block-size=16777216"
    "memorysetup-cache-allocator-block-size=4194304"
    "memorysetup-typetree-allocator-block-size=2097152"
    "memorysetup-profiler-bucket-allocator-granularity=16"
    "memorysetup-profiler-bucket-allocator-bucket-count=8"
    "memorysetup-profiler-bucket-allocator-block-size=33554432"
    "memorysetup-profiler-bucket-allocator-block-count=8"
    "memorysetup-profiler-allocator-block-size=16777216"
    "memorysetup-profiler-editor-allocator-block-size=1048576"
    "memorysetup-temp-allocator-size-main=16777216"
    "memorysetup-job-temp-allocator-block-size=2097152"
    "memorysetup-job-temp-allocator-block-size-background=1048576"
    "memorysetup-job-temp-allocator-reduction-small-platforms=262144"
    "memorysetup-temp-allocator-size-background-worker=32768"
    "memorysetup-temp-allocator-size-job-worker=262144"
    "memorysetup-temp-allocator-size-preload-manager=33554432"
    "memorysetup-temp-allocator-size-nav-mesh-worker=65536"
    "memorysetup-temp-allocator-size-audio-worker=65536"
    "memorysetup-temp-allocator-size-cloud-worker=32768"
    "memorysetup-temp-allocator-size-gi-baking-worker=262144"
    "memorysetup-temp-allocator-size-gfx=262144"
Player connection [8548] Host "[IP] 192.168.0.4 [Port] 0 [Flags] 2 [Guid] 3725828844 [EditorId] 3725828844 [Version] 1048832 [Id] WindowsEditor(7,DESKTOP-H9JG22H) [Debug] 1 [PackageName] WindowsEditor [ProjectName] Editor" joined multi-casting on [225.0.0.222:54997]...

Player connection [8548] Host "[IP] 192.168.0.4 [Port] 0 [Flags] 2 [Guid] 3725828844 [EditorId] 3725828844 [Version] 1048832 [Id] WindowsEditor(7,DESKTOP-H9JG22H) [Debug] 1 [PackageName] WindowsEditor [ProjectName] Editor" joined alternative multi-casting on [225.0.0.222:34997]...

[Physics::Module] Initialized MultithreadedJobDispatcher with {0} workers.
Refreshing native plugins compatible for Editor in 57.12 ms, found 3 plugins.
Preloading 0 native plugins for Editor in 0.00 ms.
Initialize engine version: 2021.3.34f1 (25266724e7bd)
[Subsystems] Discovering subsystems at path C:/Program Files/Unity/Hub/Editor/2021.3.34f1/Editor/Data/Resources/UnitySubsystems
[Subsystems] Discovering subsystems at path C:/Users/mj/My project (18)/Assets
GfxDevice: creating device client; threaded=0; jobified=0
Direct3D:
    Version:  Direct3D 11.0 [level 11.1]
    Renderer: NVIDIA GeForce RTX 3060 (ID=0x2504)
    Vendor:   NVIDIA
    VRAM:     12129 MB
    Driver:   31.0.15.3168
Initialize mono
Mono path[0] = 'C:/Program Files/Unity/Hub/Editor/2021.3.34f1/Editor/Data/Managed'
Mono path[1] = 'C:/Program Files/Unity/Hub/Editor/2021.3.34f1/Editor/Data/MonoBleedingEdge/lib/mono/unityjit-win32'
Mono config path = 'C:/Program Files/Unity/Hub/Editor/2021.3.34f1/Editor/Data/MonoBleedingEdge/etc'
Using monoOptions --debugger-agent=transport=dt_socket,embedding=1,server=y,suspend=n,address=127.0.0.1:56316
Begin MonoManager ReloadAssembly
Registering precompiled unity dll's ...
Register platform support module: C:/Program Files/Unity/Hub/Editor/2021.3.34f1/Editor/Data/PlaybackEngines/WebGLSupport/UnityEditor.WebGL.Extensions.dll
Register platform support module: C:/Program Files/Unity/Hub/Editor/2021.3.34f1/Editor/Data/PlaybackEngines/AndroidPlayer/UnityEditor.Android.Extensions.dll
Register platform support module: C:/Program Files/Unity/Hub/Editor/2021.3.34f1/Editor/Data/PlaybackEngines/WindowsStandaloneSupport/UnityEditor.WindowsStandalone.Extensions.dll
Registered in 0.003138 seconds.
Native extension for WindowsStandalone target not found
Native extension for Android target not found
Android Extension - Scanning For ADB Devices 173 ms
Native extension for WebGL target not found
Refreshing native plugins compatible for Editor in 56.57 ms, found 3 plugins.
Preloading 0 native plugins for Editor in 0.00 ms.
Mono: successfully reloaded assembly
- Completed reload, in  0.763 seconds
Domain Reload Profiling:
	ReloadAssembly (764ms)
		BeginReloadAssembly (95ms)
			ExecutionOrderSort (0ms)
			DisableScriptedObjects (0ms)
			BackupInstance (0ms)
			ReleaseScriptingObjects (0ms)
			CreateAndSetChildDomain (1ms)
		EndReloadAssembly (595ms)
			LoadAssemblies (94ms)
			RebuildTransferFunctionScriptingTraits (0ms)
			SetupTypeCache (101ms)
			ReleaseScriptCaches (0ms)
			RebuildScriptCaches (21ms)
			SetupLoadedEditorAssemblies (440ms)
				LogAssemblyErrors (0ms)
				InitializePlatformSupportModulesInManaged (282ms)
				SetLoadedEditorAssemblies (0ms)
				RefreshPlugins (57ms)
				BeforeProcessingInitializeOnLoad (1ms)
				ProcessInitializeOnLoadAttributes (67ms)
				ProcessInitializeOnLoadMethodAttributes (34ms)
				AfterProcessingInitializeOnLoad (0ms)
				EditorAssembliesLoaded (0ms)
			ExecutionOrderSort2 (0ms)
			AwakeInstancesAfterBackupRestoration (0ms)
Platform modules already initialized, skipping
Registering precompiled user dll's ...
Registered in 0.003786 seconds.
Begin MonoManager ReloadAssembly
Symbol file LoadedFromMemory is not a mono symbol file
Native extension for WindowsStandalone target not found
Native extension for Android target not found
Native extension for WebGL target not found
Refreshing native plugins compatible for Editor in 0.48 ms, found 3 plugins.
Preloading 0 native plugins for Editor in 0.00 ms.
Package Manager log level set to [2]
[Package Manager] Server::EnsureServerProcessIsRunning -- launch failed, reason: Unity was launched with the -noUpm command-line argument
[Package Manager] Cannot connect to Unity Package Manager local server
Mono: successfully reloaded assembly
- Completed reload, in  1.126 seconds
Domain Reload Profiling:
	ReloadAssembly (1126ms)
		BeginReloadAssembly (104ms)
			ExecutionOrderSort (0ms)
			DisableScriptedObjects (4ms)
			BackupInstance (0ms)
			ReleaseScriptingObjects (0ms)
			CreateAndSetChildDomain (16ms)
		EndReloadAssembly (944ms)
			LoadAssemblies (74ms)
			RebuildTransferFunctionScriptingTraits (0ms)
			SetupTypeCache (204ms)
			ReleaseScriptCaches (1ms)
			RebuildScriptCaches (36ms)
			SetupLoadedEditorAssemblies (611ms)
				LogAssemblyErrors (0ms)
				InitializePlatformSupportModulesInManaged (16ms)
				SetLoadedEditorAssemblies (0ms)
				RefreshPlugins (1ms)
				BeforeProcessingInitializeOnLoad (49ms)
				ProcessInitializeOnLoadAttributes (521ms)
				ProcessInitializeOnLoadMethodAttributes (18ms)
				AfterProcessingInitializeOnLoad (5ms)
				EditorAssembliesLoaded (0ms)
			ExecutionOrderSort2 (0ms)
			AwakeInstancesAfterBackupRestoration (5ms)
Platform modules already initialized, skipping
========================================================================
Worker process is ready to serve import requests
Launched and connected shader compiler UnityShaderCompiler.exe after 0.03 seconds
Refreshing native plugins compatible for Editor in 0.36 ms, found 3 plugins.
Preloading 0 native plugins for Editor in 0.00 ms.
Unloading 3208 Unused Serialized files (Serialized files now loaded: 0)
Unloading 33 unused Assets / (334.0 KB). Loaded Objects now: 3668.
Memory consumption went from 123.1 MB to 122.8 MB.
Total: 3.007100 ms (FindLiveObjects: 0.312600 ms CreateObjectMapping: 0.251400 ms MarkObjects: 2.354100 ms  DeleteObjects: 0.088000 ms)

AssetImportParameters requested are different than current active one (requested -> active):
  custom:video-decoder-ogg-theora: a1e56fd34408186e4bbccfd4996cb3dc -> 
  custom:container-muxer-webm: aa71ff27fc2769a1b78a27578f13a17b -> 
  custom:container-demuxer-webm: 4f35f7cbe854078d1ac9338744f61a02 -> 
  custom:video-encoder-webm-vp8: eb34c28f22e8b96e1ab97ce403110664 -> 
  custom:CustomObjectIndexerAttribute: bc11b3a6c3213fcdd17b65e7da85e133 -> 
  custom:audio-encoder-webm-vorbis: bf7c407c2cedff20999df2af8eb42d56 -> 
  custom:framework-win-MediaFoundation: 216162199b28c13a410421893ffa2e32 -> 
  custom:SearchIndexIgnoredProperties: e643bd26f0fe6173181afceb89e7c659 -> 
  custom:container-demuxer-ogg: 62fdf1f143b41e24485cea50d1cbac27 -> 
  custom:video-decoder-webm-vp8: 9c59270c3fd7afecdb556c50c9e8de78 -> 
  custom:audio-decoder-ogg-vorbis: bf7c407c2cedff20999df2af8eb42d56 -> 
========================================================================
Received Import Request.
  Time since last request: 631349.565372 seconds.
  path: Assets/Medicines/Medicines/Models/Materials/medicine 15.mat
  artifactKey: Guid(b9373c07f2244084286b08673d0c1abf) Importer(815301076,1909f56bfc062723c751e8b465ee728b)
Number of updated assets reloaded before import = 0
Start importing Assets/Medicines/Medicines/Models/Materials/medicine 15.mat using Guid(b9373c07f2244084286b08673d0c1abf) Importer(815301076,1909f56bfc062723c751e8b465ee728b)  -> (artifact id: '1fc350dff37874899844d5a31492792e') in 0.106625 seconds 
Number of asset objects unloaded after import = 2
========================================================================
Received Import Request.
  Time since last request: 0.000029 seconds.
  path: Assets/Medicines/Medicines/Models/Materials/alcohol.mat
  artifactKey: Guid(ca9ea9f098c67b046ac8a7e672702e1c) Importer(815301076,1909f56bfc062723c751e8b465ee728b)
Number of updated assets reloaded before import = 0
Start importing Assets/Medicines/Medicines/Models/Materials/alcohol.mat using Guid(ca9ea9f098c67b046ac8a7e672702e1c) Importer(815301076,1909f56bfc062723c751e8b465ee728b)  -> (artifact id: '26815d4dac855f4bda1e7c8ab671564c') in 0.022843 seconds 
Number of asset objects unloaded after import = 2
========================================================================
Received Import Request.
  Time since last request: 0.000023 seconds.
  path: Assets/Medicines/Medicines/Models/Materials/medicine 5.mat
  artifactKey: Guid(f0e57c176ac56ca43ab120f8ff438c13) Importer(815301076,1909f56bfc062723c751e8b465ee728b)
Number of updated assets reloaded before import = 0
Start importing Assets/Medicines/Medicines/Models/Materials/medicine 5.mat using Guid(f0e57c176ac56ca43ab120f8ff438c13) Importer(815301076,1909f56bfc062723c751e8b465ee728b)  -> (artifact id: 'c40891377eec9fdde5a3956eeb168ee4') in 0.018236 seconds 
Number of asset objects unloaded after import = 2
========================================================================
Received Import Request.
  Time since last request: 0.000017 seconds.
  path: Assets/Medicines/Medicines/Models/Materials/wet wipes.mat
  artifactKey: Guid(3a7fa5232d6f6ba43996982c08e43131) Importer(815301076,1909f56bfc062723c751e8b465ee728b)
Number of updated assets reloaded before import = 0
Start importing Assets/Medicines/Medicines/Models/Materials/wet wipes.mat using Guid(3a7fa5232d6f6ba43996982c08e43131) Importer(815301076,1909f56bfc062723c751e8b465ee728b)  -> (artifact id: '6833ec2fa0f189073bf136d6f0451f23') in 0.021582 seconds 
Number of asset objects unloaded after import = 2
========================================================================
Received Import Request.
  Time since last request: 0.000013 seconds.
  path: Assets/Medicines/Medicines/Models/Materials/cream 2.mat
  artifactKey: Guid(76e263b083d7db04a888b9d3e2d79e30) Importer(815301076,1909f56bfc062723c751e8b465ee728b)
Number of updated assets reloaded before import = 0
Start importing Assets/Medicines/Medicines/Models/Materials/cream 2.mat using Guid(76e263b083d7db04a888b9d3e2d79e30) Importer(815301076,1909f56bfc062723c751e8b465ee728b)  -> (artifact id: 'd5ff083030caa23e7af52e4b967aaa87') in 0.019956 seconds 
Number of asset objects unloaded after import = 2
========================================================================
Received Import Request.
  Time since last request: 0.000019 seconds.
  path: Assets/Medicines/Medicines/Models/Materials/soap.mat
  artifactKey: Guid(68e95062710ea924f8cc4567cef5cc5a) Importer(815301076,1909f56bfc062723c751e8b465ee728b)
Number of updated assets reloaded before import = 0
Start importing Assets/Medicines/Medicines/Models/Materials/soap.mat using Guid(68e95062710ea924f8cc4567cef5cc5a) Importer(815301076,1909f56bfc062723c751e8b465ee728b)  -> (artifact id: 'a0956c2cd2d8c26800688714215d8ef3') in 0.019506 seconds 
Number of asset objects unloaded after import = 2
========================================================================
Received Import Request.
  Time since last request: 0.000014 seconds.
  path: Assets/Medicines/Medicines/Models/Materials/medicine 2.mat
  artifactKey: Guid(d8cf3b2c2c9511c4a8eeb48c89922d92) Importer(815301076,1909f56bfc062723c751e8b465ee728b)
Number of updated assets reloaded before import = 0
Start importing Assets/Medicines/Medicines/Models/Materials/medicine 2.mat using Guid(d8cf3b2c2c9511c4a8eeb48c89922d92) Importer(815301076,1909f56bfc062723c751e8b465ee728b)  -> (artifact id: 'b15295212ac1ce178e4c080d277c22d2') in 0.021039 seconds 
Number of asset objects unloaded after import = 2
========================================================================
Received Import Request.
  Time since last request: 0.000015 seconds.
  path: Assets/Medicines/Medicines/Models/Materials/plastic color.mat
  artifactKey: Guid(cbc1e07e91135f64d97477fa2363489f) Importer(815301076,1909f56bfc062723c751e8b465ee728b)
Number of updated assets reloaded before import = 0
Start importing Assets/Medicines/Medicines/Models/Materials/plastic color.mat using Guid(cbc1e07e91135f64d97477fa2363489f) Importer(815301076,1909f56bfc062723c751e8b465ee728b)  -> (artifact id: 'efabf5f5847d64a4165b10cd26c59297') in 0.015641 seconds 
Number of asset objects unloaded after import = 1
========================================================================
Received Import Request.
  Time since last request: 0.000016 seconds.
  path: Assets/Medicines/Medicines/Models/Materials/nicotine patch.mat
  artifactKey: Guid(4268855f91ce532488d67c51c824f170) Importer(815301076,1909f56bfc062723c751e8b465ee728b)
Number of updated assets reloaded before import = 0
Start importing Assets/Medicines/Medicines/Models/Materials/nicotine patch.mat using Guid(4268855f91ce532488d67c51c824f170) Importer(815301076,1909f56bfc062723c751e8b465ee728b)  -> (artifact id: '9011be96a518e48631d4c89fe61ee86d') in 0.019506 seconds 
Number of asset objects unloaded after import = 2
========================================================================
Received Import Request.
  Time since last request: 0.000015 seconds.
  path: Assets/Medicines/Medicines/Models/Materials/pills 2.mat
  artifactKey: Guid(bafb37a4e23d29d4ea2750a846654a83) Importer(815301076,1909f56bfc062723c751e8b465ee728b)
Number of updated assets reloaded before import = 0
Start importing Assets/Medicines/Medicines/Models/Materials/pills 2.mat using Guid(bafb37a4e23d29d4ea2750a846654a83) Importer(815301076,1909f56bfc062723c751e8b465ee728b)  -> (artifact id: '1749ad7d46ccbbace816c0bf3ef84a8d') in 0.019865 seconds 
Number of asset objects unloaded after import = 2
========================================================================
Received Import Request.
  Time since last request: 0.000014 seconds.
  path: Assets/Medicines/Medicines/Models/Materials
  artifactKey: Guid(c17ed75cf97b2d44c82e13227ec19725) Importer(815301076,1909f56bfc062723c751e8b465ee728b)
Number of updated assets reloaded before import = 0
Start importing Assets/Medicines/Medicines/Models/Materials using Guid(c17ed75cf97b2d44c82e13227ec19725) Importer(815301076,1909f56bfc062723c751e8b465ee728b)  -> (artifact id: 'ba7eee0a834253a36efd4c5320f33f76') in 0.004986 seconds 
Number of asset objects unloaded after import = 0
========================================================================
Received Import Request.
  Time since last request: 0.000017 seconds.
  path: Assets/Medicines/Medicines/Models/Materials/metal.mat
  artifactKey: Guid(160d54aed1317fa4ebfe75b97a74d7fc) Importer(815301076,1909f56bfc062723c751e8b465ee728b)
Number of updated assets reloaded before import = 0
Start importing Assets/Medicines/Medicines/Models/Materials/metal.mat using Guid(160d54aed1317fa4ebfe75b97a74d7fc) Importer(815301076,1909f56bfc062723c751e8b465ee728b)  -> (artifact id: '3892a9db5ef0915950932cdc90a8357c') in 0.015571 seconds 
Number of asset objects unloaded after import = 1
========================================================================
Received Import Request.
  Time since last request: 0.000017 seconds.
  path: Assets/Medicines/Medicines/Models/Materials/syringeb_Base_Color.mat
  artifactKey: Guid(687442886e602fb488ac94461eb542f7) Importer(815301076,1909f56bfc062723c751e8b465ee728b)
Number of updated assets reloaded before import = 0
Start importing Assets/Medicines/Medicines/Models/Materials/syringeb_Base_Color.mat using Guid(687442886e602fb488ac94461eb542f7) Importer(815301076,1909f56bfc062723c751e8b465ee728b)  -> (artifact id: '6d2079b313fb1131a45fa235e4aee596') in 0.020223 seconds 
Number of asset objects unloaded after import = 2
========================================================================
Received Import Request.
  Time since last request: 0.000016 seconds.
  path: Assets/Medicines/Medicines/Models/Materials/cold and flu 2.mat
  artifactKey: Guid(375aa5518767b554bb8a669eaf737534) Importer(815301076,1909f56bfc062723c751e8b465ee728b)
Number of updated assets reloaded before import = 0
Start importing Assets/Medicines/Medicines/Models/Materials/cold and flu 2.mat using Guid(375aa5518767b554bb8a669eaf737534) Importer(815301076,1909f56bfc062723c751e8b465ee728b)  -> (artifact id: '0da17207488ac5ebcfe4b31da21fab13') in 0.019844 seconds 
Number of asset objects unloaded after import = 2
========================================================================
Received Import Request.
  Time since last request: 0.000017 seconds.
  path: Assets/Medicines/Medicines/Models/Materials/medicine 1.mat
  artifactKey: Guid(00bfafaa3c451ef4b97c7e0a99b71607) Importer(815301076,1909f56bfc062723c751e8b465ee728b)
Number of updated assets reloaded before import = 0
Start importing Assets/Medicines/Medicines/Models/Materials/medicine 1.mat using Guid(00bfafaa3c451ef4b97c7e0a99b71607) Importer(815301076,1909f56bfc062723c751e8b465ee728b)  -> (artifact id: 'fa0c266de86cffddf0d9c21e5316e236') in 0.017857 seconds 
Number of asset objects unloaded after import = 2
========================================================================
Received Import Request.
  Time since last request: 119.127012 seconds.
  path: Assets/Medicines/Medicines/PostProcessing
  artifactKey: Guid(cbf4387537d34f846a39d049676fe619) Importer(815301076,1909f56bfc062723c751e8b465ee728b)
Number of updated assets reloaded before import = 0
Start importing Assets/Medicines/Medicines/PostProcessing using Guid(cbf4387537d34f846a39d049676fe619) Importer(815301076,1909f56bfc062723c751e8b465ee728b)  -> (artifact id: '8ddacd14db6265b7636a7efd88e87cd9') in 0.005828 seconds 
Number of asset objects unloaded after import = 0
========================================================================
Received Import Request.
  Time since last request: 0.029293 seconds.
  path: Assets/Medicines/Medicines/PostProcessing/Effects.asset
  artifactKey: Guid(9144f5df4f5e6c84ca714e8db657dccd) Importer(815301076,1909f56bfc062723c751e8b465ee728b)
Number of updated assets reloaded before import = 0
Start importing Assets/Medicines/Medicines/PostProcessing/Effects.asset using Guid(9144f5df4f5e6c84ca714e8db657dccd) Importer(815301076,1909f56bfc062723c751e8b465ee728b)  -> (artifact id: 'ca79e81a7a0bc23b51c2814308c68051') in 0.014385 seconds 
Number of asset objects unloaded after import = 1
========================================================================
Received Import Request.
  Time since last request: 1.053743 seconds.
  path: Assets/Medicines/Medicines/PostProcessing/Editor Resources
  artifactKey: Guid(83715878d3a8db441aa5636641db69a3) Importer(815301076,1909f56bfc062723c751e8b465ee728b)
Number of updated assets reloaded before import = 0
Start importing Assets/Medicines/Medicines/PostProcessing/Editor Resources using Guid(83715878d3a8db441aa5636641db69a3) Importer(815301076,1909f56bfc062723c751e8b465ee728b)  -> (artifact id: '173a07feeda09308b8f6ebeb7da04a33') in 0.005189 seconds 
Number of asset objects unloaded after import = 0
========================================================================
Received Import Request.
  Time since last request: 1.722226 seconds.
  path: Assets/Medicines/Medicines/PostProcessing/Runtime
  artifactKey: Guid(4b79d54138d9d1a498085393504c7d02) Importer(815301076,1909f56bfc062723c751e8b465ee728b)
Number of updated assets reloaded before import = 0
Start importing Assets/Medicines/Medicines/PostProcessing/Runtime using Guid(4b79d54138d9d1a498085393504c7d02) Importer(815301076,1909f56bfc062723c751e8b465ee728b)  -> (artifact id: '666c3b207a45642924edc026e8916be8') in 0.005722 seconds 
Number of asset objects unloaded after import = 0
========================================================================
Received Import Request.
  Time since last request: 1.710692 seconds.
  path: Assets/Medicines/Medicines/PostProcessing/Runtime/Components
  artifactKey: Guid(c1f765b2bd3d2ad49b2677f6478a9ba3) Importer(815301076,1909f56bfc062723c751e8b465ee728b)
Number of updated assets reloaded before import = 0
Start importing Assets/Medicines/Medicines/PostProcessing/Runtime/Components using Guid(c1f765b2bd3d2ad49b2677f6478a9ba3) Importer(815301076,1909f56bfc062723c751e8b465ee728b)  -> (artifact id: '9a49d2d4318c1aa95614b804a4917354') in 0.004939 seconds 
Number of asset objects unloaded after import = 0
========================================================================
Received Import Request.
  Time since last request: 2.694266 seconds.
  path: Assets/Medicines/Medicines/Scenes
  artifactKey: Guid(fb02d9e25c71a034aadd54720395aadd) Importer(815301076,1909f56bfc062723c751e8b465ee728b)
Number of updated assets reloaded before import = 0
Start importing Assets/Medicines/Medicines/Scenes using Guid(fb02d9e25c71a034aadd54720395aadd) Importer(815301076,1909f56bfc062723c751e8b465ee728b)  -> (artifact id: '34bb907673d5f7aa211ba10c7ac9e0f2') in 0.005039 seconds 
Number of asset objects unloaded after import = 0
========================================================================
Received Import Request.
  Time since last request: 1.919717 seconds.
  path: Assets/Medicines/Medicines/Scripts
  artifactKey: Guid(bd4df119c30ee7647a76b8d0ad92aa5e) Importer(815301076,1909f56bfc062723c751e8b465ee728b)
Number of updated assets reloaded before import = 0
Start importing Assets/Medicines/Medicines/Scripts using Guid(bd4df119c30ee7647a76b8d0ad92aa5e) Importer(815301076,1909f56bfc062723c751e8b465ee728b)  -> (artifact id: 'f7324d3831357e832b85dd4023d1c63a') in 0.006805 seconds 
Number of asset objects unloaded after import = 0
========================================================================
Received Import Request.
  Time since last request: 1.700199 seconds.
  path: Assets/Medicines/Medicines/Textures
  artifactKey: Guid(4848c5dc94a180d49b0d0ef3ebd98557) Importer(815301076,1909f56bfc062723c751e8b465ee728b)
Number of updated assets reloaded before import = 0
Start importing Assets/Medicines/Medicines/Textures using Guid(4848c5dc94a180d49b0d0ef3ebd98557) Importer(815301076,1909f56bfc062723c751e8b465ee728b)  -> (artifact id: 'd413728cd8eaac9557595d2a8b8a3cd6') in 0.005463 seconds 
Number of asset objects unloaded after import = 0
========================================================================
Received Import Request.
  Time since last request: 0.792528 seconds.
  path: Assets/Medicines/Medicines/Textures/medicine 12.png
  artifactKey: Guid(c79ab2ca12195e544b094c6c47ed7e10) Importer(815301076,1909f56bfc062723c751e8b465ee728b)
Number of updated assets reloaded before import = 0
Start importing Assets/Medicines/Medicines/Textures/medicine 12.png using Guid(c79ab2ca12195e544b094c6c47ed7e10) Importer(815301076,1909f56bfc062723c751e8b465ee728b)  -> (artifact id: '2e20d97e744b14bfaa1539040621922c') in 0.038379 seconds 
Number of asset objects unloaded after import = 2
========================================================================
Received Import Request.
  Time since last request: 0.000013 seconds.
  path: Assets/Medicines/Medicines/Textures/newbornnappies.png
  artifactKey: Guid(5cde0dceaf3a6044281f0602578cb5ae) Importer(815301076,1909f56bfc062723c751e8b465ee728b)
Number of updated assets reloaded before import = 0
Start importing Assets/Medicines/Medicines/Textures/newbornnappies.png using Guid(5cde0dceaf3a6044281f0602578cb5ae) Importer(815301076,1909f56bfc062723c751e8b465ee728b)  -> (artifact id: '899c08a545bcd34cd140bc6a51b99e4f') in 0.024291 seconds 
Number of asset objects unloaded after import = 2
========================================================================
Received Import Request.
  Time since last request: 0.000022 seconds.
  path: Assets/Medicines/Medicines/Textures/medicine 16.png
  artifactKey: Guid(020f6fa9d9affb1409cc1316f1651d57) Importer(815301076,1909f56bfc062723c751e8b465ee728b)
Number of updated assets reloaded before import = 0
Start importing Assets/Medicines/Medicines/Textures/medicine 16.png using Guid(020f6fa9d9affb1409cc1316f1651d57) Importer(815301076,1909f56bfc062723c751e8b465ee728b)  -> (artifact id: 'a82fd2d72f6d40a82797f24fc27637f6') in 0.013238 seconds 
Number of asset objects unloaded after import = 2
========================================================================
Received Import Request.
  Time since last request: 0.000014 seconds.
  path: Assets/Medicines/Medicines/Textures/medicine 15.png
  artifactKey: Guid(6a74a1e8163154b478d859222778445e) Importer(815301076,1909f56bfc062723c751e8b465ee728b)
Number of updated assets reloaded before import = 0
Start importing Assets/Medicines/Medicines/Textures/medicine 15.png using Guid(6a74a1e8163154b478d859222778445e) Importer(815301076,1909f56bfc062723c751e8b465ee728b)  -> (artifact id: '42f37a3baf8b734d41d381c24737a6e2') in 0.014119 seconds 
Number of asset objects unloaded after import = 2
========================================================================
Received Import Request.
  Time since last request: 0.312143 seconds.
  path: Assets/Medicines/Medicines/Textures/pills 2.png
  artifactKey: Guid(8c50c667cefe4e44981259a3ea42a5f3) Importer(815301076,1909f56bfc062723c751e8b465ee728b)
Number of updated assets reloaded before import = 0
Start importing Assets/Medicines/Medicines/Textures/pills 2.png using Guid(8c50c667cefe4e44981259a3ea42a5f3) Importer(815301076,1909f56bfc062723c751e8b465ee728b)  -> (artifact id: 'bfba7961fc9eeefc95f4ff95ba4e03d0') in 0.011742 seconds 
Number of asset objects unloaded after import = 2
========================================================================
Received Import Request.
  Time since last request: 0.000011 seconds.
  path: Assets/Medicines/Medicines/Textures/pregnancy test.png
  artifactKey: Guid(e8b6814204e04dc46a79723dc36e826d) Importer(815301076,1909f56bfc062723c751e8b465ee728b)
Number of updated assets reloaded before import = 0
Start importing Assets/Medicines/Medicines/Textures/pregnancy test.png using Guid(e8b6814204e04dc46a79723dc36e826d) Importer(815301076,1909f56bfc062723c751e8b465ee728b)  -> (artifact id: 'f13d03a1a3aa7ba41cffd1a2f11fccbe') in 0.011785 seconds 
Number of asset objects unloaded after import = 2
========================================================================
Received Import Request.
  Time since last request: 0.000014 seconds.
  path: Assets/Medicines/Medicines/Textures/thermometer.png
  artifactKey: Guid(b232a30d6ac076a4b96af1ce97178c31) Importer(815301076,1909f56bfc062723c751e8b465ee728b)
Number of updated assets reloaded before import = 0
Start importing Assets/Medicines/Medicines/Textures/thermometer.png using Guid(b232a30d6ac076a4b96af1ce97178c31) Importer(815301076,1909f56bfc062723c751e8b465ee728b)  -> (artifact id: '6472cda065f65adce50c52b55dd7433a') in 0.010941 seconds 
Number of asset objects unloaded after import = 2
========================================================================
Received Import Request.
  Time since last request: 0.000014 seconds.
  path: Assets/Medicines/Medicines/Textures/wet wipes.png
  artifactKey: Guid(8e36f8dad472cc94090ad10a45cd31c6) Importer(815301076,1909f56bfc062723c751e8b465ee728b)
Number of updated assets reloaded before import = 0
Start importing Assets/Medicines/Medicines/Textures/wet wipes.png using Guid(8e36f8dad472cc94090ad10a45cd31c6) Importer(815301076,1909f56bfc062723c751e8b465ee728b)  -> (artifact id: '4fc6e39c3add2200d8f17b4937ad08b6') in 0.011091 seconds 
Number of asset objects unloaded after import = 2
========================================================================
Received Import Request.
  Time since last request: 0.000012 seconds.
  path: Assets/Medicines/Medicines/Textures/syringe glass.png
  artifactKey: Guid(99e288600b1cde84bb179a6dd7ff940c) Importer(815301076,1909f56bfc062723c751e8b465ee728b)
Number of updated assets reloaded before import = 0
Start importing Assets/Medicines/Medicines/Textures/syringe glass.png using Guid(99e288600b1cde84bb179a6dd7ff940c) Importer(815301076,1909f56bfc062723c751e8b465ee728b)  -> (artifact id: 'c5799b1c52374710a5026168b2113be5') in 0.011871 seconds 
Number of asset objects unloaded after import = 2
========================================================================
Received Prepare
Registering precompiled user dll's ...
Registered in 0.004274 seconds.
Begin MonoManager ReloadAssembly
Symbol file LoadedFromMemory is not a mono symbol file
Native extension for WindowsStandalone target not found
Native extension for Android target not found
Native extension for WebGL target not found
Refreshing native plugins compatible for Editor in 0.59 ms, found 3 plugins.
Preloading 0 native plugins for Editor in 0.00 ms.
[Package Manager] Server::EnsureServerProcessIsRunning -- launch failed, reason: Unity was launched with the -noUpm command-line argument
[Package Manager] Cannot connect to Unity Package Manager local server
Mono: successfully reloaded assembly
- Completed reload, in  1.289 seconds
Domain Reload Profiling:
	ReloadAssembly (1289ms)
		BeginReloadAssembly (148ms)
			ExecutionOrderSort (0ms)
			DisableScriptedObjects (4ms)
			BackupInstance (0ms)
			ReleaseScriptingObjects (0ms)
			CreateAndSetChildDomain (35ms)
		EndReloadAssembly (1057ms)
			LoadAssemblies (99ms)
			RebuildTransferFunctionScriptingTraits (0ms)
			SetupTypeCache (261ms)
			ReleaseScriptCaches (2ms)
			RebuildScriptCaches (37ms)
			SetupLoadedEditorAssemblies (643ms)
				LogAssemblyErrors (0ms)
				InitializePlatformSupportModulesInManaged (21ms)
				SetLoadedEditorAssemblies (0ms)
				RefreshPlugins (1ms)
				BeforeProcessingInitializeOnLoad (49ms)
				ProcessInitializeOnLoadAttributes (545ms)
				ProcessInitializeOnLoadMethodAttributes (23ms)
				AfterProcessingInitializeOnLoad (5ms)
				EditorAssembliesLoaded (0ms)
			ExecutionOrderSort2 (0ms)
			AwakeInstancesAfterBackupRestoration (7ms)
Platform modules already initialized, skipping
Refreshing native plugins compatible for Editor in 0.58 ms, found 3 plugins.
Preloading 0 native plugins for Editor in 0.00 ms.
Unloading 3179 Unused Serialized files (Serialized files now loaded: 0)
Unloading 28 unused Assets / (307.1 KB). Loaded Objects now: 3712.
Memory consumption went from 120.8 MB to 120.5 MB.
Total: 2.634100 ms (FindLiveObjects: 0.190500 ms CreateObjectMapping: 0.091900 ms MarkObjects: 2.264800 ms  DeleteObjects: 0.085900 ms)

AssetImportParameters requested are different than current active one (requested -> active):
  custom:video-decoder-ogg-theora: a1e56fd34408186e4bbccfd4996cb3dc -> 
  custom:container-muxer-webm: aa71ff27fc2769a1b78a27578f13a17b -> 
  custom:container-demuxer-webm: 4f35f7cbe854078d1ac9338744f61a02 -> 
  custom:video-encoder-webm-vp8: eb34c28f22e8b96e1ab97ce403110664 -> 
  custom:CustomObjectIndexerAttribute: bc11b3a6c3213fcdd17b65e7da85e133 -> 
  custom:audio-encoder-webm-vorbis: bf7c407c2cedff20999df2af8eb42d56 -> 
  custom:framework-win-MediaFoundation: 216162199b28c13a410421893ffa2e32 -> 
  custom:SearchIndexIgnoredProperties: e643bd26f0fe6173181afceb89e7c659 -> 
  custom:container-demuxer-ogg: 62fdf1f143b41e24485cea50d1cbac27 -> 
  custom:video-decoder-webm-vp8: 9c59270c3fd7afecdb556c50c9e8de78 -> 
  custom:audio-decoder-ogg-vorbis: bf7c407c2cedff20999df2af8eb42d56 -> 
Editor requested this worker to shutdown with reason: Scaling down because of idle timeout
AssetImportWorker is now disconnected from the server
Process exiting
Exiting without the bug reporter. Application will terminate with return code 0