Using pre-set license
Built from '2021.3/staging' branch; Version is '2021.3.34f1 (25266724e7bd) revision 2434663'; Using compiler version '192829333'; Build Type 'Release'
OS: 'Windows 11  (10.0.22631) 64bit Core' Language: 'ko' Physical Memory: 32578 MB
BatchMode: 1, IsHumanControllingUs: 0, StartBugReporterOnCrash: 0, Is64bit: 1, IsPro: 1

COMMAND LINE ARGUMENTS:
C:\Program Files\Unity\Hub\Editor\2021.3.34f1\Editor\Unity.exe
-adb2
-batchMode
-noUpm
-name
AssetImportWorker2
-projectPath
C:/Users/mj/My project (18)
-logFile
Logs/AssetImportWorker2.log
-srvPort
52331
Successfully changed project path to: C:/Users/mj/My project (18)
C:/Users/mj/My project (18)
[UnityMemory] Configuration Parameters - Can be set up in boot.config
    "memorysetup-bucket-allocator-granularity=16"
    "memorysetup-bucket-allocator-bucket-count=8"
    "memorysetup-bucket-allocator-block-size=33554432"
    "memorysetup-bucket-allocator-block-count=8"
    "memorysetup-main-allocator-block-size=16777216"
    "memorysetup-thread-allocator-block-size=16777216"
    "memorysetup-gfx-main-allocator-block-size=16777216"
    "memorysetup-gfx-thread-allocator-block-size=16777216"
    "memorysetup-cache-allocator-block-size=4194304"
    "memorysetup-typetree-allocator-block-size=2097152"
    "memorysetup-profiler-bucket-allocator-granularity=16"
    "memorysetup-profiler-bucket-allocator-bucket-count=8"
    "memorysetup-profiler-bucket-allocator-block-size=33554432"
    "memorysetup-profiler-bucket-allocator-block-count=8"
    "memorysetup-profiler-allocator-block-size=16777216"
    "memorysetup-profiler-editor-allocator-block-size=1048576"
    "memorysetup-temp-allocator-size-main=16777216"
    "memorysetup-job-temp-allocator-block-size=2097152"
    "memorysetup-job-temp-allocator-block-size-background=1048576"
    "memorysetup-job-temp-allocator-reduction-small-platforms=262144"
    "memorysetup-temp-allocator-size-background-worker=32768"
    "memorysetup-temp-allocator-size-job-worker=262144"
    "memorysetup-temp-allocator-size-preload-manager=33554432"
    "memorysetup-temp-allocator-size-nav-mesh-worker=65536"
    "memorysetup-temp-allocator-size-audio-worker=65536"
    "memorysetup-temp-allocator-size-cloud-worker=32768"
    "memorysetup-temp-allocator-size-gi-baking-worker=262144"
    "memorysetup-temp-allocator-size-gfx=262144"
Player connection [25536] Host "[IP] 192.168.0.4 [Port] 0 [Flags] 2 [Guid] 3362709228 [EditorId] 3362709228 [Version] 1048832 [Id] WindowsEditor(7,DESKTOP-H9JG22H) [Debug] 1 [PackageName] WindowsEditor [ProjectName] Editor" joined multi-casting on [225.0.0.222:54997]...

Player connection [25536] Host "[IP] 192.168.0.4 [Port] 0 [Flags] 2 [Guid] 3362709228 [EditorId] 3362709228 [Version] 1048832 [Id] WindowsEditor(7,DESKTOP-H9JG22H) [Debug] 1 [PackageName] WindowsEditor [ProjectName] Editor" joined alternative multi-casting on [225.0.0.222:34997]...

[Physics::Module] Initialized MultithreadedJobDispatcher with {0} workers.
Refreshing native plugins compatible for Editor in 50.70 ms, found 3 plugins.
Preloading 0 native plugins for Editor in 0.00 ms.
Initialize engine version: 2021.3.34f1 (25266724e7bd)
[Subsystems] Discovering subsystems at path C:/Program Files/Unity/Hub/Editor/2021.3.34f1/Editor/Data/Resources/UnitySubsystems
[Subsystems] Discovering subsystems at path C:/Users/mj/My project (18)/Assets
GfxDevice: creating device client; threaded=0; jobified=0
Direct3D:
    Version:  Direct3D 11.0 [level 11.1]
    Renderer: NVIDIA GeForce RTX 3060 (ID=0x2504)
    Vendor:   NVIDIA
    VRAM:     12129 MB
    Driver:   31.0.15.3168
Initialize mono
Mono path[0] = 'C:/Program Files/Unity/Hub/Editor/2021.3.34f1/Editor/Data/Managed'
Mono path[1] = 'C:/Program Files/Unity/Hub/Editor/2021.3.34f1/Editor/Data/MonoBleedingEdge/lib/mono/unityjit-win32'
Mono config path = 'C:/Program Files/Unity/Hub/Editor/2021.3.34f1/Editor/Data/MonoBleedingEdge/etc'
Using monoOptions --debugger-agent=transport=dt_socket,embedding=1,server=y,suspend=n,address=127.0.0.1:56408
Begin MonoManager ReloadAssembly
Registering precompiled unity dll's ...
Register platform support module: C:/Program Files/Unity/Hub/Editor/2021.3.34f1/Editor/Data/PlaybackEngines/WebGLSupport/UnityEditor.WebGL.Extensions.dll
Register platform support module: C:/Program Files/Unity/Hub/Editor/2021.3.34f1/Editor/Data/PlaybackEngines/AndroidPlayer/UnityEditor.Android.Extensions.dll
Register platform support module: C:/Program Files/Unity/Hub/Editor/2021.3.34f1/Editor/Data/PlaybackEngines/WindowsStandaloneSupport/UnityEditor.WindowsStandalone.Extensions.dll
Registered in 0.003490 seconds.
Native extension for WindowsStandalone target not found
Native extension for Android target not found
Android Extension - Scanning For ADB Devices 176 ms
Native extension for WebGL target not found
Refreshing native plugins compatible for Editor in 52.89 ms, found 3 plugins.
Preloading 0 native plugins for Editor in 0.00 ms.
Mono: successfully reloaded assembly
- Completed reload, in  0.749 seconds
Domain Reload Profiling:
	ReloadAssembly (750ms)
		BeginReloadAssembly (83ms)
			ExecutionOrderSort (0ms)
			DisableScriptedObjects (0ms)
			BackupInstance (0ms)
			ReleaseScriptingObjects (0ms)
			CreateAndSetChildDomain (1ms)
		EndReloadAssembly (591ms)
			LoadAssemblies (82ms)
			RebuildTransferFunctionScriptingTraits (0ms)
			SetupTypeCache (96ms)
			ReleaseScriptCaches (0ms)
			RebuildScriptCaches (20ms)
			SetupLoadedEditorAssemblies (441ms)
				LogAssemblyErrors (0ms)
				InitializePlatformSupportModulesInManaged (282ms)
				SetLoadedEditorAssemblies (0ms)
				RefreshPlugins (53ms)
				BeforeProcessingInitializeOnLoad (1ms)
				ProcessInitializeOnLoadAttributes (72ms)
				ProcessInitializeOnLoadMethodAttributes (34ms)
				AfterProcessingInitializeOnLoad (0ms)
				EditorAssembliesLoaded (0ms)
			ExecutionOrderSort2 (0ms)
			AwakeInstancesAfterBackupRestoration (0ms)
Platform modules already initialized, skipping
Registering precompiled user dll's ...
Registered in 0.004006 seconds.
Begin MonoManager ReloadAssembly
Symbol file LoadedFromMemory is not a mono symbol file
Native extension for WindowsStandalone target not found
Native extension for Android target not found
Native extension for WebGL target not found
Refreshing native plugins compatible for Editor in 0.34 ms, found 3 plugins.
Preloading 0 native plugins for Editor in 0.00 ms.
Package Manager log level set to [2]
[Package Manager] Server::EnsureServerProcessIsRunning -- launch failed, reason: Unity was launched with the -noUpm command-line argument
[Package Manager] Cannot connect to Unity Package Manager local server
Mono: successfully reloaded assembly
- Completed reload, in  1.112 seconds
Domain Reload Profiling:
	ReloadAssembly (1112ms)
		BeginReloadAssembly (96ms)
			ExecutionOrderSort (0ms)
			DisableScriptedObjects (6ms)
			BackupInstance (0ms)
			ReleaseScriptingObjects (0ms)
			CreateAndSetChildDomain (14ms)
		EndReloadAssembly (941ms)
			LoadAssemblies (80ms)
			RebuildTransferFunctionScriptingTraits (0ms)
			SetupTypeCache (213ms)
			ReleaseScriptCaches (0ms)
			RebuildScriptCaches (34ms)
			SetupLoadedEditorAssemblies (598ms)
				LogAssemblyErrors (0ms)
				InitializePlatformSupportModulesInManaged (15ms)
				SetLoadedEditorAssemblies (0ms)
				RefreshPlugins (0ms)
				BeforeProcessingInitializeOnLoad (48ms)
				ProcessInitializeOnLoadAttributes (511ms)
				ProcessInitializeOnLoadMethodAttributes (19ms)
				AfterProcessingInitializeOnLoad (4ms)
				EditorAssembliesLoaded (0ms)
			ExecutionOrderSort2 (0ms)
			AwakeInstancesAfterBackupRestoration (6ms)
Platform modules already initialized, skipping
========================================================================
Worker process is ready to serve import requests
Launched and connected shader compiler UnityShaderCompiler.exe after 0.03 seconds
Refreshing native plugins compatible for Editor in 0.74 ms, found 3 plugins.
Preloading 0 native plugins for Editor in 0.00 ms.
Unloading 3208 Unused Serialized files (Serialized files now loaded: 0)
Unloading 33 unused Assets / (334.0 KB). Loaded Objects now: 3668.
Memory consumption went from 123.1 MB to 122.7 MB.
Total: 3.380900 ms (FindLiveObjects: 0.199600 ms CreateObjectMapping: 0.105200 ms MarkObjects: 2.938400 ms  DeleteObjects: 0.135900 ms)

AssetImportParameters requested are different than current active one (requested -> active):
  custom:video-decoder-ogg-theora: a1e56fd34408186e4bbccfd4996cb3dc -> 
  custom:container-muxer-webm: aa71ff27fc2769a1b78a27578f13a17b -> 
  custom:container-demuxer-webm: 4f35f7cbe854078d1ac9338744f61a02 -> 
  custom:video-encoder-webm-vp8: eb34c28f22e8b96e1ab97ce403110664 -> 
  custom:CustomObjectIndexerAttribute: bc11b3a6c3213fcdd17b65e7da85e133 -> 
  custom:audio-encoder-webm-vorbis: bf7c407c2cedff20999df2af8eb42d56 -> 
  custom:framework-win-MediaFoundation: 216162199b28c13a410421893ffa2e32 -> 
  custom:SearchIndexIgnoredProperties: e643bd26f0fe6173181afceb89e7c659 -> 
  custom:container-demuxer-ogg: 62fdf1f143b41e24485cea50d1cbac27 -> 
  custom:video-decoder-webm-vp8: 9c59270c3fd7afecdb556c50c9e8de78 -> 
  custom:audio-decoder-ogg-vorbis: bf7c407c2cedff20999df2af8eb42d56 -> 
========================================================================
Received Import Request.
  Time since last request: 631349.565198 seconds.
  path: Assets/Medicines/Medicines/Models/Materials/medicine 4.mat
  artifactKey: Guid(73aff08d4cffb2642adeb65bd9fbe789) Importer(815301076,1909f56bfc062723c751e8b465ee728b)
Number of updated assets reloaded before import = 0
Start importing Assets/Medicines/Medicines/Models/Materials/medicine 4.mat using Guid(73aff08d4cffb2642adeb65bd9fbe789) Importer(815301076,1909f56bfc062723c751e8b465ee728b)  -> (artifact id: '95a2eacc6328269f6f4de7bd4614aa40') in 0.106893 seconds 
Number of asset objects unloaded after import = 2
========================================================================
Received Import Request.
  Time since last request: 0.000020 seconds.
  path: Assets/Medicines/Medicines/Models/Materials/pregnancy test.mat
  artifactKey: Guid(d17dcdc095b413345876a14d17260d44) Importer(815301076,1909f56bfc062723c751e8b465ee728b)
Number of updated assets reloaded before import = 0
Start importing Assets/Medicines/Medicines/Models/Materials/pregnancy test.mat using Guid(d17dcdc095b413345876a14d17260d44) Importer(815301076,1909f56bfc062723c751e8b465ee728b)  -> (artifact id: '9dd8ded1aeaf0256a1fad739d043b1ac') in 0.019945 seconds 
Number of asset objects unloaded after import = 2
========================================================================
Received Import Request.
  Time since last request: 0.000023 seconds.
  path: Assets/Medicines/Medicines/Models/Materials/yodo.mat
  artifactKey: Guid(991c4d5e31030864da35cd1f98fb5dbf) Importer(815301076,1909f56bfc062723c751e8b465ee728b)
Number of updated assets reloaded before import = 0
Start importing Assets/Medicines/Medicines/Models/Materials/yodo.mat using Guid(991c4d5e31030864da35cd1f98fb5dbf) Importer(815301076,1909f56bfc062723c751e8b465ee728b)  -> (artifact id: 'ad4da0bb05b99479631fb8ee8ada85a3') in 0.019919 seconds 
Number of asset objects unloaded after import = 2
========================================================================
Received Import Request.
  Time since last request: 0.000018 seconds.
  path: Assets/Medicines/Medicines/Models/Materials/sneeze.mat
  artifactKey: Guid(960adab7cc3fb144d9d3723bb7c56399) Importer(815301076,1909f56bfc062723c751e8b465ee728b)
Number of updated assets reloaded before import = 0
Start importing Assets/Medicines/Medicines/Models/Materials/sneeze.mat using Guid(960adab7cc3fb144d9d3723bb7c56399) Importer(815301076,1909f56bfc062723c751e8b465ee728b)  -> (artifact id: 'fc70f52c2356be8bfc6a98b9924f8780') in 0.020800 seconds 
Number of asset objects unloaded after import = 2
========================================================================
Received Import Request.
  Time since last request: 0.000016 seconds.
  path: Assets/Medicines/Medicines/Models/Materials/medicine 8.mat
  artifactKey: Guid(df3595158808f9649b97f2297e7ca49f) Importer(815301076,1909f56bfc062723c751e8b465ee728b)
Number of updated assets reloaded before import = 0
Start importing Assets/Medicines/Medicines/Models/Materials/medicine 8.mat using Guid(df3595158808f9649b97f2297e7ca49f) Importer(815301076,1909f56bfc062723c751e8b465ee728b)  -> (artifact id: '5da424288c69a1472f917da138767ff9') in 0.020171 seconds 
Number of asset objects unloaded after import = 2
========================================================================
Received Import Request.
  Time since last request: 0.000021 seconds.
  path: Assets/Medicines/Medicines/Models/Materials/medicine 10.mat
  artifactKey: Guid(bf7727a8d6c90bb40bd5329232583584) Importer(815301076,1909f56bfc062723c751e8b465ee728b)
Number of updated assets reloaded before import = 0
Start importing Assets/Medicines/Medicines/Models/Materials/medicine 10.mat using Guid(bf7727a8d6c90bb40bd5329232583584) Importer(815301076,1909f56bfc062723c751e8b465ee728b)  -> (artifact id: 'ff9c0b844d08f8f1e534c015221aa46e') in 0.021975 seconds 
Number of asset objects unloaded after import = 2
========================================================================
Received Import Request.
  Time since last request: 0.000015 seconds.
  path: Assets/Medicines/Medicines/Models/Materials/medicine 17.mat
  artifactKey: Guid(ad94f7bed17b1764b970d119504b2416) Importer(815301076,1909f56bfc062723c751e8b465ee728b)
Number of updated assets reloaded before import = 0
Start importing Assets/Medicines/Medicines/Models/Materials/medicine 17.mat using Guid(ad94f7bed17b1764b970d119504b2416) Importer(815301076,1909f56bfc062723c751e8b465ee728b)  -> (artifact id: 'd603b6e4ca7ef13de6e6d3addc12819a') in 0.020944 seconds 
Number of asset objects unloaded after import = 2
========================================================================
Received Import Request.
  Time since last request: 0.000015 seconds.
  path: Assets/Medicines/Medicines/Models/Materials/toothpaste.mat
  artifactKey: Guid(93f25e8c5c68edd40adf5f99f7dc75e9) Importer(815301076,1909f56bfc062723c751e8b465ee728b)
Number of updated assets reloaded before import = 0
Start importing Assets/Medicines/Medicines/Models/Materials/toothpaste.mat using Guid(93f25e8c5c68edd40adf5f99f7dc75e9) Importer(815301076,1909f56bfc062723c751e8b465ee728b)  -> (artifact id: '414d67d9e352a145630459c89717a0e3') in 0.020453 seconds 
Number of asset objects unloaded after import = 2
========================================================================
Received Import Request.
  Time since last request: 0.000018 seconds.
  path: Assets/Medicines/Medicines/Models/Materials/medicine 9.mat
  artifactKey: Guid(9c7d3df3244e9d04b8b22997a8b951f9) Importer(815301076,1909f56bfc062723c751e8b465ee728b)
Number of updated assets reloaded before import = 0
Start importing Assets/Medicines/Medicines/Models/Materials/medicine 9.mat using Guid(9c7d3df3244e9d04b8b22997a8b951f9) Importer(815301076,1909f56bfc062723c751e8b465ee728b)  -> (artifact id: 'a8b4e7b14c7af921e9de848cac63d9a3') in 0.020104 seconds 
Number of asset objects unloaded after import = 2
========================================================================
Received Import Request.
  Time since last request: 0.000017 seconds.
  path: Assets/Medicines/Medicines/Models/Materials/floor.mat
  artifactKey: Guid(94a154d8c413a6f45963dd4ca2b846ae) Importer(815301076,1909f56bfc062723c751e8b465ee728b)
Number of updated assets reloaded before import = 0
Start importing Assets/Medicines/Medicines/Models/Materials/floor.mat using Guid(94a154d8c413a6f45963dd4ca2b846ae) Importer(815301076,1909f56bfc062723c751e8b465ee728b)  -> (artifact id: 'e40f91b4064168626429e62b88446d49') in 0.014823 seconds 
Number of asset objects unloaded after import = 1
========================================================================
Received Import Request.
  Time since last request: 0.000018 seconds.
  path: Assets/Medicines/Medicines/Models/Materials/pills.mat
  artifactKey: Guid(ab48c1ff31a089942a69838de09f35ff) Importer(815301076,1909f56bfc062723c751e8b465ee728b)
Number of updated assets reloaded before import = 0
Start importing Assets/Medicines/Medicines/Models/Materials/pills.mat using Guid(ab48c1ff31a089942a69838de09f35ff) Importer(815301076,1909f56bfc062723c751e8b465ee728b)  -> (artifact id: '69d25aa91cd72d0d82c6e575bb9a00e9') in 0.019711 seconds 
Number of asset objects unloaded after import = 2
========================================================================
Received Import Request.
  Time since last request: 0.000018 seconds.
  path: Assets/Medicines/Medicines/Models/Materials/medicine 6.mat
  artifactKey: Guid(cf5586165262bfb428a7d5e75f9be2e2) Importer(815301076,1909f56bfc062723c751e8b465ee728b)
Number of updated assets reloaded before import = 0
Start importing Assets/Medicines/Medicines/Models/Materials/medicine 6.mat using Guid(cf5586165262bfb428a7d5e75f9be2e2) Importer(815301076,1909f56bfc062723c751e8b465ee728b)  -> (artifact id: '3b222ad2f136a51fcb2bcb60ca496c7a') in 0.019818 seconds 
Number of asset objects unloaded after import = 2
========================================================================
Received Import Request.
  Time since last request: 0.000017 seconds.
  path: Assets/Medicines/Medicines/Models/Materials/medicine 13.mat
  artifactKey: Guid(e39a38e0e9ea9f44bb327d2242c2752d) Importer(815301076,1909f56bfc062723c751e8b465ee728b)
Number of updated assets reloaded before import = 0
Start importing Assets/Medicines/Medicines/Models/Materials/medicine 13.mat using Guid(e39a38e0e9ea9f44bb327d2242c2752d) Importer(815301076,1909f56bfc062723c751e8b465ee728b)  -> (artifact id: 'dd42760d6adf42bdbc9797bd4a1d46f9') in 0.019225 seconds 
Number of asset objects unloaded after import = 2
Editor requested this worker to shutdown with reason: Scaling down because of idle timeout
AssetImportWorker is now disconnected from the server
Process exiting
Exiting without the bug reporter. Application will terminate with return code 0